#! /c/Source/iverilog-install/bin/vvp
:ivl_version "12.0 (devel)" "(s20150603-1539-g2693dd32b)";
:ivl_delay_selection "TYPICAL";
:vpi_time_precision + 0;
:vpi_module "C:\iverilog\lib\ivl\system.vpi";
:vpi_module "C:\iverilog\lib\ivl\vhdl_sys.vpi";
:vpi_module "C:\iverilog\lib\ivl\vhdl_textio.vpi";
:vpi_module "C:\iverilog\lib\ivl\v2005_math.vpi";
:vpi_module "C:\iverilog\lib\ivl\va_math.vpi";
S_000002580c3601a0 .scope module, "SPI_driver" "SPI_driver" 2 8;
 .timescale 0 0;
    .port_info 0 /INPUT 1 "clk";
    .port_info 1 /INPUT 1 "clk_div";
    .port_info 2 /INPUT 1 "res";
    .port_info 3 /INPUT 1 "ena";
    .port_info 4 /INPUT 1 "skip_setup";
    .port_info 5 /INPUT 3 "min_X0";
    .port_info 6 /INPUT 4 "min_0X";
    .port_info 7 /INPUT 3 "sec_X0";
    .port_info 8 /INPUT 4 "sec_0X";
    .port_info 9 /INPUT 4 "ces_X0";
    .port_info 10 /INPUT 4 "ces_0X";
    .port_info 11 /OUTPUT 1 "Cs";
    .port_info 12 /OUTPUT 1 "Sclk";
    .port_info 13 /OUTPUT 1 "Mosi";
P_000002580c360330 .param/l "DONE" 1 2 37, C4<111>;
P_000002580c360368 .param/l "IDLE" 1 2 34, C4<100>;
P_000002580c3603a0 .param/l "SETUP_BCD" 1 2 33, C4<011>;
P_000002580c3603d8 .param/l "SETUP_LUX" 1 2 31, C4<001>;
P_000002580c360410 .param/l "SETUP_PWR" 1 2 30, C4<000>;
P_000002580c360448 .param/l "SETUP_SCN" 1 2 32, C4<010>;
P_000002580c360480 .param/l "TRANSFER" 1 2 35, C4<101>;
P_000002580c3604b8 .param/l "WAIT" 1 2 36, C4<110>;
v000002580c344cd0_0 .net "Cs", 0 0, v000002580c312fb0_0;  1 drivers
v000002580c344d70_0 .net "Mosi", 0 0, v000002580c313050_0;  1 drivers
v000002580c344e10_0 .net "Sclk", 0 0, v000002580c3449b0_0;  1 drivers
o000002580c36e368 .functor BUFZ 4, C4<zzzz>; HiZ drive
v000002580c3c4120_0 .net "ces_0X", 3 0, o000002580c36e368;  0 drivers
o000002580c36e398 .functor BUFZ 4, C4<zzzz>; HiZ drive
v000002580c3c4e40_0 .net "ces_X0", 3 0, o000002580c36e398;  0 drivers
o000002580c36dfa8 .functor BUFZ 1, C4<z>; HiZ drive
v000002580c3c4940_0 .net "clk", 0 0, o000002580c36dfa8;  0 drivers
o000002580c36e3c8 .functor BUFZ 1, C4<z>; HiZ drive
v000002580c3c4260_0 .net "clk_div", 0 0, o000002580c36e3c8;  0 drivers
v000002580c3c4300_0 .var "digit_count", 2 0;
o000002580c36e428 .functor BUFZ 1, C4<z>; HiZ drive
v000002580c3c4ee0_0 .net "ena", 0 0, o000002580c36e428;  0 drivers
o000002580c36e458 .functor BUFZ 4, C4<zzzz>; HiZ drive
v000002580c3c46c0_0 .net "min_0X", 3 0, o000002580c36e458;  0 drivers
o000002580c36e488 .functor BUFZ 3, C4<zzz>; HiZ drive
v000002580c3c4760_0 .net "min_X0", 2 0, o000002580c36e488;  0 drivers
o000002580c36e128 .functor BUFZ 1, C4<z>; HiZ drive
v000002580c3c43a0_0 .net "order_send", 0 0, o000002580c36e128;  0 drivers
v000002580c3c4f80_0 .net "ready_reported", 0 0, v000002580c3130f0_0;  1 drivers
o000002580c36e4b8 .functor BUFZ 1, C4<z>; HiZ drive
v000002580c3c4080_0 .net "res", 0 0, o000002580c36e4b8;  0 drivers
v000002580c3c49e0_0 .var "reset_master", 0 0;
o000002580c36e4e8 .functor BUFZ 4, C4<zzzz>; HiZ drive
v000002580c3c4580_0 .net "sec_0X", 3 0, o000002580c36e4e8;  0 drivers
o000002580c36e518 .functor BUFZ 3, C4<zzz>; HiZ drive
v000002580c3c4440_0 .net "sec_X0", 2 0, o000002580c36e518;  0 drivers
v000002580c3c4a80_0 .var "send_order", 0 0;
v000002580c3c4b20_0 .var "sent_BCD", 0 0;
v000002580c3c41c0_0 .var "sent_LUX", 0 0;
v000002580c3c4620_0 .var "sent_PWR", 0 0;
v000002580c3c44e0_0 .var "sent_SCN", 0 0;
o000002580c36e638 .functor BUFZ 1, C4<z>; HiZ drive
v000002580c3c4800_0 .net "skip_setup", 0 0, o000002580c36e638;  0 drivers
v000002580c3c48a0_0 .var "state", 2 0;
v000002580c3c4bc0_0 .var "wait_count", 3 0;
v000002580c3c4c60_0 .var "word_out", 15 0;
S_000002580c312ce0 .scope module, "SPI_Master1" "SPI_Master" 2 227, 2 241 0, S_000002580c3601a0;
 .timescale 0 0;
    .port_info 0 /INPUT 1 "clk";
    .port_info 1 /INPUT 1 "res";
    .port_info 2 /INPUT 1 "send_order";
    .port_info 3 /INPUT 16 "word_in";
    .port_info 4 /OUTPUT 1 "cs";
    .port_info 5 /OUTPUT 1 "sclk";
    .port_info 6 /OUTPUT 1 "mosi";
    .port_info 7 /OUTPUT 1 "report_ready";
P_000002580c360500 .param/l "IDLE" 1 2 254, C4<00>;
P_000002580c360538 .param/l "SEND" 1 2 255, C4<01>;
P_000002580c360570 .param/l "WAIT" 1 2 256, C4<10>;
v000002580c313360_0 .net "clk", 0 0, o000002580c36dfa8;  alias, 0 drivers
v000002580c312e70_0 .var "count_bit", 1 0;
v000002580c312f10_0 .var "count_word", 3 0;
v000002580c312fb0_0 .var "cs", 0 0;
v000002580c313050_0 .var "mosi", 0 0;
v000002580c3130f0_0 .var "report_ready", 0 0;
v000002580c344910_0 .net "res", 0 0, v000002580c3c49e0_0;  1 drivers
v000002580c3449b0_0 .var "sclk", 0 0;
v000002580c344a50_0 .net "send_order", 0 0, o000002580c36e128;  alias, 0 drivers
v000002580c344af0_0 .var "state", 1 0;
v000002580c344b90_0 .net "word_in", 15 0, v000002580c3c4c60_0;  1 drivers
v000002580c344c30_0 .var "word_out", 15 0;
E_000002580c33aab0 .event posedge, v000002580c313360_0;
    .scope S_000002580c312ce0;
T_0 ;
    %wait E_000002580c33aab0;
    %load/vec4 v000002580c344910_0;
    %nor/r;
    %flag_set/vec4 8;
    %jmp/0xz  T_0.0, 8;
    %pushi/vec4 1, 0, 1;
    %assign/vec4 v000002580c312fb0_0, 0;
    %pushi/vec4 0, 0, 1;
    %assign/vec4 v000002580c3449b0_0, 0;
    %pushi/vec4 0, 0, 1;
    %assign/vec4 v000002580c313050_0, 0;
    %pushi/vec4 0, 0, 1;
    %assign/vec4 v000002580c3130f0_0, 0;
    %pushi/vec4 0, 0, 2;
    %assign/vec4 v000002580c344af0_0, 0;
    %jmp T_0.1;
T_0.0 ;
    %load/vec4 v000002580c344af0_0;
    %dup/vec4;
    %pushi/vec4 0, 0, 2;
    %cmp/u;
    %jmp/1 T_0.2, 6;
    %dup/vec4;
    %pushi/vec4 1, 0, 2;
    %cmp/u;
    %jmp/1 T_0.3, 6;
    %dup/vec4;
    %pushi/vec4 2, 0, 2;
    %cmp/u;
    %jmp/1 T_0.4, 6;
    %jmp T_0.6;
T_0.2 ;
    %load/vec4 v000002580c344910_0;
    %flag_set/vec4 8;
    %jmp/0xz  T_0.7, 8;
    %load/vec4 v000002580c344a50_0;
    %pad/u 32;
    %cmpi/e 0, 0, 32;
    %jmp/0xz  T_0.9, 4;
    %pushi/vec4 1, 0, 1;
    %assign/vec4 v000002580c3130f0_0, 0;
    %jmp T_0.10;
T_0.9 ;
    %pushi/vec4 0, 0, 1;
    %assign/vec4 v000002580c3130f0_0, 0;
    %pushi/vec4 0, 0, 2;
    %assign/vec4 v000002580c312e70_0, 0;
    %pushi/vec4 15, 0, 4;
    %assign/vec4 v000002580c312f10_0, 0;
    %load/vec4 v000002580c344b90_0;
    %assign/vec4 v000002580c344c30_0, 0;
    %pushi/vec4 0, 0, 1;
    %assign/vec4 v000002580c312fb0_0, 0;
    %pushi/vec4 1, 0, 2;
    %assign/vec4 v000002580c344af0_0, 0;
T_0.10 ;
T_0.7 ;
    %jmp T_0.6;
T_0.3 ;
    %load/vec4 v000002580c312e70_0;
    %dup/vec4;
    %pushi/vec4 0, 0, 2;
    %cmp/u;
    %jmp/1 T_0.11, 6;
    %dup/vec4;
    %pushi/vec4 1, 0, 2;
    %cmp/u;
    %jmp/1 T_0.12, 6;
    %dup/vec4;
    %pushi/vec4 2, 0, 2;
    %cmp/u;
    %jmp/1 T_0.13, 6;
    %dup/vec4;
    %pushi/vec4 3, 0, 2;
    %cmp/u;
    %jmp/1 T_0.14, 6;
    %jmp T_0.16;
T_0.11 ;
    %pushi/vec4 0, 0, 1;
    %assign/vec4 v000002580c3449b0_0, 0;
    %pushi/vec4 1, 0, 2;
    %assign/vec4 v000002580c312e70_0, 0;
    %load/vec4 v000002580c344c30_0;
    %parti/s 1, 15, 5;
    %assign/vec4 v000002580c313050_0, 0;
    %load/vec4 v000002580c344c30_0;
    %ix/load 4, 1, 0;
    %flag_set/imm 4, 0;
    %shiftl 4;
    %assign/vec4 v000002580c344c30_0, 0;
    %jmp T_0.16;
T_0.12 ;
    %pushi/vec4 0, 0, 1;
    %assign/vec4 v000002580c3449b0_0, 0;
    %pushi/vec4 2, 0, 2;
    %assign/vec4 v000002580c312e70_0, 0;
    %jmp T_0.16;
T_0.13 ;
    %pushi/vec4 1, 0, 1;
    %assign/vec4 v000002580c3449b0_0, 0;
    %pushi/vec4 3, 0, 2;
    %assign/vec4 v000002580c312e70_0, 0;
    %jmp T_0.16;
T_0.14 ;
    %pushi/vec4 1, 0, 1;
    %assign/vec4 v000002580c3449b0_0, 0;
    %pushi/vec4 0, 0, 2;
    %assign/vec4 v000002580c312e70_0, 0;
    %load/vec4 v000002580c312f10_0;
    %pad/u 32;
    %cmpi/e 0, 0, 32;
    %jmp/0xz  T_0.17, 4;
    %pushi/vec4 2, 0, 2;
    %assign/vec4 v000002580c344af0_0, 0;
    %jmp T_0.18;
T_0.17 ;
    %load/vec4 v000002580c312f10_0;
    %subi 1, 0, 4;
    %assign/vec4 v000002580c312f10_0, 0;
T_0.18 ;
    %jmp T_0.16;
T_0.16 ;
    %pop/vec4 1;
    %jmp T_0.6;
T_0.4 ;
    %pushi/vec4 1, 0, 1;
    %assign/vec4 v000002580c312fb0_0, 0;
    %pushi/vec4 0, 0, 1;
    %assign/vec4 v000002580c3449b0_0, 0;
    %pushi/vec4 0, 0, 1;
    %assign/vec4 v000002580c313050_0, 0;
    %pushi/vec4 0, 0, 2;
    %assign/vec4 v000002580c344af0_0, 0;
    %jmp T_0.6;
T_0.6 ;
    %pop/vec4 1;
T_0.1 ;
    %jmp T_0;
    .thread T_0;
    .scope S_000002580c3601a0;
T_1 ;
    %wait E_000002580c33aab0;
    %load/vec4 v000002580c3c4080_0;
    %nor/r;
    %flag_set/vec4 8;
    %jmp/0xz  T_1.0, 8;
    %pushi/vec4 0, 0, 1;
    %assign/vec4 v000002580c3c49e0_0, 0;
    %pushi/vec4 0, 0, 1;
    %assign/vec4 v000002580c3c4a80_0, 0;
    %pushi/vec4 0, 0, 16;
    %assign/vec4 v000002580c3c4c60_0, 0;
    %pushi/vec4 0, 0, 3;
    %assign/vec4 v000002580c3c4300_0, 0;
    %pushi/vec4 0, 0, 1;
    %assign/vec4 v000002580c3c4620_0, 0;
    %pushi/vec4 0, 0, 1;
    %assign/vec4 v000002580c3c41c0_0, 0;
    %pushi/vec4 0, 0, 1;
    %assign/vec4 v000002580c3c44e0_0, 0;
    %pushi/vec4 0, 0, 1;
    %assign/vec4 v000002580c3c4b20_0, 0;
    %load/vec4 v000002580c3c4800_0;
    %flag_set/vec4 8;
    %jmp/0xz  T_1.2, 8;
    %pushi/vec4 4, 0, 3;
    %assign/vec4 v000002580c3c48a0_0, 0;
    %jmp T_1.3;
T_1.2 ;
    %pushi/vec4 0, 0, 3;
    %assign/vec4 v000002580c3c48a0_0, 0;
T_1.3 ;
T_1.0 ;
    %load/vec4 v000002580c3c48a0_0;
    %dup/vec4;
    %pushi/vec4 0, 0, 3;
    %cmp/u;
    %jmp/1 T_1.4, 6;
    %dup/vec4;
    %pushi/vec4 1, 0, 3;
    %cmp/u;
    %jmp/1 T_1.5, 6;
    %dup/vec4;
    %pushi/vec4 2, 0, 3;
    %cmp/u;
    %jmp/1 T_1.6, 6;
    %dup/vec4;
    %pushi/vec4 3, 0, 3;
    %cmp/u;
    %jmp/1 T_1.7, 6;
    %dup/vec4;
    %pushi/vec4 4, 0, 3;
    %cmp/u;
    %jmp/1 T_1.8, 6;
    %dup/vec4;
    %pushi/vec4 5, 0, 3;
    %cmp/u;
    %jmp/1 T_1.9, 6;
    %dup/vec4;
    %pushi/vec4 6, 0, 3;
    %cmp/u;
    %jmp/1 T_1.10, 6;
    %dup/vec4;
    %pushi/vec4 7, 0, 3;
    %cmp/u;
    %jmp/1 T_1.11, 6;
    %pushi/vec4 0, 0, 3;
    %assign/vec4 v000002580c3c48a0_0, 0;
    %jmp T_1.13;
T_1.4 ;
    %load/vec4 v000002580c3c4080_0;
    %flag_set/vec4 8;
    %jmp/0xz  T_1.14, 8;
    %pushi/vec4 1, 0, 1;
    %assign/vec4 v000002580c3c49e0_0, 0;
    %load/vec4 v000002580c3c4620_0;
    %nor/r;
    %flag_set/vec4 8;
    %jmp/0xz  T_1.16, 8;
    %load/vec4 v000002580c3c4f80_0;
    %flag_set/vec4 8;
    %jmp/0xz  T_1.18, 8;
    %pushi/vec4 3073, 0, 16;
    %assign/vec4 v000002580c3c4c60_0, 0;
    %pushi/vec4 1, 0, 1;
    %assign/vec4 v000002580c3c4a80_0, 0;
    %pushi/vec4 1, 0, 1;
    %assign/vec4 v000002580c3c4620_0, 0;
T_1.18 ;
    %jmp T_1.17;
T_1.16 ;
    %pushi/vec4 0, 0, 1;
    %assign/vec4 v000002580c3c4a80_0, 0;
    %load/vec4 v000002580c3c4f80_0;
    %flag_set/vec4 8;
    %jmp/0xz  T_1.20, 8;
    %pushi/vec4 1, 0, 3;
    %assign/vec4 v000002580c3c48a0_0, 0;
T_1.20 ;
T_1.17 ;
T_1.14 ;
    %jmp T_1.13;
T_1.5 ;
    %load/vec4 v000002580c3c41c0_0;
    %nor/r;
    %flag_set/vec4 8;
    %jmp/0xz  T_1.22, 8;
    %load/vec4 v000002580c3c4f80_0;
    %flag_set/vec4 8;
    %jmp/0xz  T_1.24, 8;
    %pushi/vec4 2565, 0, 16;
    %assign/vec4 v000002580c3c4c60_0, 0;
    %pushi/vec4 1, 0, 1;
    %assign/vec4 v000002580c3c4a80_0, 0;
    %pushi/vec4 1, 0, 1;
    %assign/vec4 v000002580c3c41c0_0, 0;
T_1.24 ;
    %jmp T_1.23;
T_1.22 ;
    %pushi/vec4 0, 0, 1;
    %assign/vec4 v000002580c3c4a80_0, 0;
    %load/vec4 v000002580c3c4f80_0;
    %flag_set/vec4 8;
    %jmp/0xz  T_1.26, 8;
    %pushi/vec4 2, 0, 3;
    %assign/vec4 v000002580c3c48a0_0, 0;
T_1.26 ;
T_1.23 ;
    %jmp T_1.13;
T_1.6 ;
    %load/vec4 v000002580c3c44e0_0;
    %nor/r;
    %flag_set/vec4 8;
    %jmp/0xz  T_1.28, 8;
    %load/vec4 v000002580c3c4f80_0;
    %flag_set/vec4 8;
    %jmp/0xz  T_1.30, 8;
    %pushi/vec4 2821, 0, 16;
    %assign/vec4 v000002580c3c4c60_0, 0;
    %pushi/vec4 1, 0, 1;
    %assign/vec4 v000002580c3c4a80_0, 0;
    %pushi/vec4 1, 0, 1;
    %assign/vec4 v000002580c3c44e0_0, 0;
T_1.30 ;
    %jmp T_1.29;
T_1.28 ;
    %pushi/vec4 0, 0, 1;
    %assign/vec4 v000002580c3c4a80_0, 0;
    %load/vec4 v000002580c3c4f80_0;
    %flag_set/vec4 8;
    %jmp/0xz  T_1.32, 8;
    %pushi/vec4 3, 0, 3;
    %assign/vec4 v000002580c3c48a0_0, 0;
T_1.32 ;
T_1.29 ;
    %jmp T_1.13;
T_1.7 ;
    %load/vec4 v000002580c3c4b20_0;
    %nor/r;
    %flag_set/vec4 8;
    %jmp/0xz  T_1.34, 8;
    %load/vec4 v000002580c3c4f80_0;
    %flag_set/vec4 8;
    %jmp/0xz  T_1.36, 8;
    %pushi/vec4 2367, 0, 16;
    %assign/vec4 v000002580c3c4c60_0, 0;
    %pushi/vec4 1, 0, 1;
    %assign/vec4 v000002580c3c4a80_0, 0;
    %pushi/vec4 1, 0, 1;
    %assign/vec4 v000002580c3c4b20_0, 0;
T_1.36 ;
    %jmp T_1.35;
T_1.34 ;
    %pushi/vec4 0, 0, 1;
    %assign/vec4 v000002580c3c4a80_0, 0;
    %load/vec4 v000002580c3c4f80_0;
    %flag_set/vec4 8;
    %jmp/0xz  T_1.38, 8;
    %pushi/vec4 4, 0, 3;
    %assign/vec4 v000002580c3c48a0_0, 0;
T_1.38 ;
T_1.35 ;
    %jmp T_1.13;
T_1.8 ;
    %load/vec4 v000002580c3c4260_0;
    %load/vec4 v000002580c3c4ee0_0;
    %and;
    %flag_set/vec4 8;
    %jmp/0xz  T_1.40, 8;
    %pushi/vec4 0, 0, 3;
    %assign/vec4 v000002580c3c4300_0, 0;
    %pushi/vec4 0, 0, 4;
    %assign/vec4 v000002580c3c4bc0_0, 0;
    %pushi/vec4 5, 0, 3;
    %assign/vec4 v000002580c3c48a0_0, 0;
T_1.40 ;
    %jmp T_1.13;
T_1.9 ;
    %load/vec4 v000002580c3c4f80_0;
    %pad/u 32;
    %cmpi/e 1, 0, 32;
    %jmp/0xz  T_1.42, 4;
    %load/vec4 v000002580c3c4300_0;
    %dup/vec4;
    %pushi/vec4 0, 0, 3;
    %cmp/u;
    %jmp/1 T_1.44, 6;
    %dup/vec4;
    %pushi/vec4 1, 0, 3;
    %cmp/u;
    %jmp/1 T_1.45, 6;
    %dup/vec4;
    %pushi/vec4 2, 0, 3;
    %cmp/u;
    %jmp/1 T_1.46, 6;
    %dup/vec4;
    %pushi/vec4 3, 0, 3;
    %cmp/u;
    %jmp/1 T_1.47, 6;
    %dup/vec4;
    %pushi/vec4 4, 0, 3;
    %cmp/u;
    %jmp/1 T_1.48, 6;
    %dup/vec4;
    %pushi/vec4 5, 0, 3;
    %cmp/u;
    %jmp/1 T_1.49, 6;
    %dup/vec4;
    %pushi/vec4 6, 0, 3;
    %cmp/u;
    %jmp/1 T_1.50, 6;
    %pushi/vec4 0, 0, 3;
    %assign/vec4 v000002580c3c4300_0, 0;
    %jmp T_1.52;
T_1.44 ;
    %pushi/vec4 1, 0, 8;
    %pushi/vec4 0, 0, 8;
    %pushi/vec4 0, 0, 4;
    %load/vec4 v000002580c3c4120_0;
    %concat/vec4; draw_concat_vec4
    %or;
    %concat/vec4; draw_concat_vec4
    %assign/vec4 v000002580c3c4c60_0, 0;
    %pushi/vec4 1, 0, 1;
    %assign/vec4 v000002580c3c4a80_0, 0;
    %pushi/vec4 1, 0, 3;
    %assign/vec4 v000002580c3c4300_0, 0;
    %pushi/vec4 0, 0, 4;
    %assign/vec4 v000002580c3c4bc0_0, 0;
    %pushi/vec4 6, 0, 3;
    %assign/vec4 v000002580c3c48a0_0, 0;
    %jmp T_1.52;
T_1.45 ;
    %pushi/vec4 2, 0, 8;
    %pushi/vec4 0, 0, 8;
    %pushi/vec4 0, 0, 4;
    %load/vec4 v000002580c3c4e40_0;
    %concat/vec4; draw_concat_vec4
    %or;
    %concat/vec4; draw_concat_vec4
    %assign/vec4 v000002580c3c4c60_0, 0;
    %pushi/vec4 0, 0, 1;
    %assign/vec4 v000002580c3c4a80_0, 0;
    %pushi/vec4 2, 0, 3;
    %assign/vec4 v000002580c3c4300_0, 0;
    %pushi/vec4 0, 0, 4;
    %assign/vec4 v000002580c3c4bc0_0, 0;
    %pushi/vec4 6, 0, 3;
    %assign/vec4 v000002580c3c48a0_0, 0;
    %jmp T_1.52;
T_1.46 ;
    %pushi/vec4 3, 0, 8;
    %pushi/vec4 128, 0, 8;
    %pushi/vec4 0, 0, 4;
    %load/vec4 v000002580c3c4580_0;
    %concat/vec4; draw_concat_vec4
    %or;
    %concat/vec4; draw_concat_vec4
    %assign/vec4 v000002580c3c4c60_0, 0;
    %pushi/vec4 0, 0, 1;
    %assign/vec4 v000002580c3c4a80_0, 0;
    %pushi/vec4 3, 0, 3;
    %assign/vec4 v000002580c3c4300_0, 0;
    %pushi/vec4 0, 0, 4;
    %assign/vec4 v000002580c3c4bc0_0, 0;
    %pushi/vec4 6, 0, 3;
    %assign/vec4 v000002580c3c48a0_0, 0;
    %jmp T_1.52;
T_1.47 ;
    %pushi/vec4 4, 0, 8;
    %pushi/vec4 0, 0, 8;
    %pushi/vec4 0, 0, 5;
    %load/vec4 v000002580c3c4440_0;
    %concat/vec4; draw_concat_vec4
    %or;
    %concat/vec4; draw_concat_vec4
    %assign/vec4 v000002580c3c4c60_0, 0;
    %pushi/vec4 0, 0, 1;
    %assign/vec4 v000002580c3c4a80_0, 0;
    %pushi/vec4 4, 0, 3;
    %assign/vec4 v000002580c3c4300_0, 0;
    %pushi/vec4 0, 0, 4;
    %assign/vec4 v000002580c3c4bc0_0, 0;
    %pushi/vec4 6, 0, 3;
    %assign/vec4 v000002580c3c48a0_0, 0;
    %jmp T_1.52;
T_1.48 ;
    %pushi/vec4 5, 0, 8;
    %pushi/vec4 128, 0, 8;
    %pushi/vec4 0, 0, 4;
    %load/vec4 v000002580c3c46c0_0;
    %concat/vec4; draw_concat_vec4
    %or;
    %concat/vec4; draw_concat_vec4
    %assign/vec4 v000002580c3c4c60_0, 0;
    %pushi/vec4 0, 0, 1;
    %assign/vec4 v000002580c3c4a80_0, 0;
    %pushi/vec4 5, 0, 3;
    %assign/vec4 v000002580c3c4300_0, 0;
    %pushi/vec4 0, 0, 4;
    %assign/vec4 v000002580c3c4bc0_0, 0;
    %pushi/vec4 6, 0, 3;
    %assign/vec4 v000002580c3c48a0_0, 0;
    %jmp T_1.52;
T_1.49 ;
    %pushi/vec4 6, 0, 8;
    %pushi/vec4 0, 0, 8;
    %pushi/vec4 0, 0, 5;
    %load/vec4 v000002580c3c4760_0;
    %concat/vec4; draw_concat_vec4
    %or;
    %concat/vec4; draw_concat_vec4
    %assign/vec4 v000002580c3c4c60_0, 0;
    %pushi/vec4 0, 0, 1;
    %assign/vec4 v000002580c3c4a80_0, 0;
    %pushi/vec4 6, 0, 3;
    %assign/vec4 v000002580c3c4300_0, 0;
    %pushi/vec4 0, 0, 4;
    %assign/vec4 v000002580c3c4bc0_0, 0;
    %pushi/vec4 6, 0, 3;
    %assign/vec4 v000002580c3c48a0_0, 0;
    %jmp T_1.52;
T_1.50 ;
    %pushi/vec4 7, 0, 3;
    %assign/vec4 v000002580c3c48a0_0, 0;
    %jmp T_1.52;
T_1.52 ;
    %pop/vec4 1;
T_1.42 ;
    %jmp T_1.13;
T_1.10 ;
    %load/vec4 v000002580c3c4bc0_0;
    %cmpi/e 15, 0, 4;
    %jmp/0xz  T_1.53, 4;
    %pushi/vec4 7, 0, 3;
    %assign/vec4 v000002580c3c48a0_0, 0;
    %pushi/vec4 0, 0, 4;
    %assign/vec4 v000002580c3c4bc0_0, 0;
    %jmp T_1.54;
T_1.53 ;
    %load/vec4 v000002580c3c4f80_0;
    %flag_set/vec4 8;
    %jmp/0xz  T_1.55, 8;
    %load/vec4 v000002580c3c4bc0_0;
    %addi 1, 0, 4;
    %assign/vec4 v000002580c3c4bc0_0, 0;
T_1.55 ;
T_1.54 ;
    %jmp T_1.13;
T_1.11 ;
    %load/vec4 v000002580c3c4260_0;
    %nor/r;
    %flag_set/vec4 8;
    %jmp/0xz  T_1.57, 8;
    %pushi/vec4 4, 0, 3;
    %assign/vec4 v000002580c3c48a0_0, 0;
T_1.57 ;
    %jmp T_1.13;
T_1.13 ;
    %pop/vec4 1;
    %jmp T_1;
    .thread T_1;
# The file index is used to find the file name in the following table.
:file_names 3;
    "N/A";
    "<interactive>";
    "SPI_driver.v";
